RUN	com.gatling.tests.API.APICRUD	apicrud	1681377999869	1	3.6.1
USER	Update User Put	START	1681378001006
USER	Update User Patch	START	1681378001002
USER	Create User	START	1681378000870
USER	Delete User	START	1681378000911
USER	Update User Put	START	1681378001172
REQUEST		Delete User Request	1681378001000	1681378001234	OK	 
USER	Delete User	END	1681378001289
REQUEST		Create User Request	1681378000964	1681378001230	OK	 
REQUEST		Update User Request	1681378001006	1681378001230	OK	 
REQUEST		Update User Request	1681378001173	1681378001355	OK	 
USER	Delete User	START	1681378001366
USER	Create User	START	1681378001351
USER	Update User Patch	START	1681378001371
REQUEST		Update User Request	1681378001003	1681378001230	KO	status.find.is(201), but actually found 200
USER	Update User Put	START	1681378001513
REQUEST		Delete User Request	1681378001367	1681378001542	OK	 
USER	Delete User	END	1681378001543
REQUEST		Create User Request	1681378001369	1681378001560	OK	 
REQUEST		Update User Request	1681378001372	1681378001559	KO	status.find.is(201), but actually found 200
REQUEST		Update User Request	1681378001514	1681378001676	OK	 
USER	Update User Put	START	1681378001835
USER	Update User Patch	START	1681378001842
USER	Create User	START	1681378001858
USER	Delete User	START	1681378001874
REQUEST		Update User Request	1681378001836	1681378002002	OK	 
REQUEST		Update User Request	1681378001842	1681378002011	KO	status.find.is(201), but actually found 200
REQUEST		Create User Request	1681378001858	1681378002022	OK	 
REQUEST		Delete User Request	1681378001875	1681378002036	OK	 
USER	Delete User	END	1681378002037
USER	Update User Put	START	1681378002342
USER	Update User Patch	START	1681378002342
USER	Update User Put	END	1681378002375
USER	Delete User	START	1681378002374
USER	Update User Put	END	1681378002376
REQUEST		Update User Request	1681378002343	1681378002510	OK	 
REQUEST		Update User Request	1681378002343	1681378002513	KO	status.find.is(201), but actually found 200
REQUEST		Delete User Request	1681378002375	1681378002544	OK	 
USER	Delete User	END	1681378002545
USER	Update User Put	END	1681378002691
USER	Update User Patch	START	1681378002834
USER	Create User	START	1681378002850
USER	Update User Put	START	1681378002853
USER	Delete User	START	1681378002865
REQUEST		Update User Request	1681378002835	1681378003003	KO	status.find.is(201), but actually found 200
USER	Update User Put	END	1681378003005
REQUEST		Update User Request	1681378002855	1681378003017	OK	 
REQUEST		Create User Request	1681378002853	1681378003018	OK	 
REQUEST		Delete User Request	1681378002865	1681378003028	OK	 
USER	Delete User	END	1681378003029
USER	Create User	START	1681378003334
USER	Update User Put	START	1681378003334
USER	Update User Patch	START	1681378003334
USER	Create User	END	1681378003373
USER	Update User Patch	END	1681378003397
REQUEST		Create User Request	1681378003335	1681378003492	OK	 
REQUEST		Update User Request	1681378003335	1681378003501	KO	status.find.is(201), but actually found 200
REQUEST		Update User Request	1681378003335	1681378003502	OK	 
USER	Update User Put	END	1681378003524
USER	Create User	END	1681378003571
USER	Update User Patch	END	1681378003571
USER	Create User	START	1681378003837
USER	Delete User	START	1681378003837
USER	Update User Patch	START	1681378003837
USER	Update User Put	START	1681378003837
REQUEST		Update User Request	1681378003840	1681378003998	OK	 
REQUEST		Delete User Request	1681378003838	1681378004004	OK	 
USER	Delete User	END	1681378004005
REQUEST		Create User Request	1681378003838	1681378004016	OK	 
REQUEST		Update User Request	1681378003838	1681378004016	KO	status.find.is(201), but actually found 200
USER	Update User Put	END	1681378004025
USER	Create User	END	1681378004025
USER	Update User Patch	END	1681378004025
USER	Update User Patch	START	1681378004337
USER	Update User Put	START	1681378004337
USER	Delete User	START	1681378004337
REQUEST		Update User Request	1681378004338	1681378004494	OK	 
REQUEST		Delete User Request	1681378004340	1681378004494	OK	 
USER	Delete User	END	1681378004495
REQUEST		Update User Request	1681378004338	1681378004499	KO	status.find.is(201), but actually found 200
USER	Update User Put	END	1681378004511
USER	Update User Patch	END	1681378004526
USER	Create User	START	1681378004856
USER	Update User Patch	START	1681378004858
USER	Delete User	START	1681378004859
USER	Update User Patch	END	1681378005012
USER	Update User Put	END	1681378005012
REQUEST		Update User Request	1681378004858	1681378005014	KO	status.find.is(201), but actually found 200
REQUEST		Create User Request	1681378004857	1681378005017	OK	 
REQUEST		Delete User Request	1681378004860	1681378005018	OK	 
USER	Delete User	END	1681378005019
USER	Create User	END	1681378005028
USER	Update User Patch	START	1681378005340
USER	Create User	START	1681378005340
USER	Create User	END	1681378005498
USER	Update User Put	END	1681378005498
USER	Update User Patch	END	1681378005515
REQUEST		Update User Request	1681378005341	1681378005526	KO	status.find.is(201), but actually found 200
USER	Update User Patch	START	1681378005842
USER	Delete User	START	1681378005842
USER	Create User	START	1681378005842
REQUEST		Create User Request	1681378005341	1681378005897	OK	 
REQUEST		Delete User Request	1681378005842	1681378006000	OK	 
REQUEST		Update User Request	1681378005842	1681378006000	KO	status.find.is(201), but actually found 200
USER	Delete User	END	1681378006001
REQUEST		Create User Request	1681378005842	1681378006005	OK	 
USER	Update User Patch	END	1681378006032
USER	Create User	END	1681378006032
USER	Delete User	START	1681378006345
REQUEST		Delete User Request	1681378006345	1681378006500	OK	 
USER	Delete User	END	1681378006501
USER	Update User Patch	END	1681378006503
USER	Delete User	START	1681378006834
USER	Create User	START	1681378006834
REQUEST		Create User Request	1681378006835	1681378006994	OK	 
REQUEST		Delete User Request	1681378006834	1681378007002	OK	 
USER	Delete User	END	1681378007003
USER	Create User	END	1681378007022
USER	Update User Patch	END	1681378007022
USER	Create User	START	1681378007333
REQUEST		Create User Request	1681378007334	1681378007495	OK	 
USER	Update User Patch	END	1681378007537
USER	Create User	START	1681378007834
USER	Delete User	START	1681378007834
USER	Create User	END	1681378007913
REQUEST		Create User Request	1681378007835	1681378007993	OK	 
REQUEST		Delete User Request	1681378007835	1681378008003	OK	 
USER	Delete User	END	1681378008004
USER	Update User Patch	END	1681378008005
USER	Create User	END	1681378008007
USER	Delete User	START	1681378008334
REQUEST		Delete User Request	1681378008334	1681378008495	OK	 
USER	Delete User	END	1681378008496
USER	Create User	START	1681378008837
USER	Delete User	START	1681378008837
REQUEST		Delete User Request	1681378008838	1681378008995	OK	 
USER	Delete User	END	1681378008996
USER	Create User	END	1681378008997
REQUEST		Create User Request	1681378008838	1681378008998	OK	 
USER	Create User	START	1681378009340
USER	Create User	END	1681378009498
REQUEST		Create User Request	1681378009340	1681378009499	OK	 
USER	Create User	START	1681378009841
USER	Delete User	START	1681378009841
USER	Create User	END	1681378009999
REQUEST		Delete User Request	1681378009841	1681378010002	OK	 
USER	Delete User	END	1681378010003
REQUEST		Create User Request	1681378009841	1681378010007	OK	 
USER	Delete User	START	1681378010331
REQUEST		Delete User Request	1681378010331	1681378010489	OK	 
USER	Delete User	END	1681378010490
USER	Delete User	START	1681378010833
REQUEST		Delete User Request	1681378010834	1681378010990	OK	 
USER	Delete User	END	1681378010991
USER	Create User	END	1681378011007
USER	Create User	END	1681378011515
USER	Delete User	START	1681378011845
REQUEST		Delete User Request	1681378011846	1681378012003	OK	 
USER	Delete User	END	1681378012004
USER	Create User	END	1681378012018
USER	Delete User	START	1681378012333
REQUEST		Delete User Request	1681378012333	1681378012497	OK	 
USER	Delete User	END	1681378012498
USER	Delete User	START	1681378012840
REQUEST		Delete User Request	1681378012840	1681378012999	OK	 
USER	Delete User	END	1681378013000
