RUN	com.gatling.tests.RecordedSimulation	recordedsimulation	1681827257134	123	3.6.1
USER	RecordedSimulation	START	1681827258583
REQUEST		request_0	1681827258632	1681827258895	OK	 
REQUEST		request_0 Redirect 1	1681827258910	1681827258979	OK	 
REQUEST		teams-home-hero.svg	1681827259687	1681827259985	OK	 
REQUEST		3973ac6ad0daa3cfe2d200f5ac04674ae05e5be1-94x122.svg?h=256&auto=format	1681827259869	1681827260356	OK	 
REQUEST		abc276900aa0392743287d09696edaecd287d8ef-94x106.svg?h=256&auto=format	1681827259787	1681827260370	OK	 
REQUEST		request_22	1681827259302	1681827260393	OK	 
REQUEST		request_21	1681827259392	1681827260403	OK	 
REQUEST		efdd3182adafc9534a91b023eddd71a404acdc02-94x122.svg?h=256&auto=format	1681827259868	1681827260425	OK	 
REQUEST		bbf26f556bf37a5f33018edfbca846a1e1b193fb-94x122.svg?h=256&auto=format	1681827259871	1681827260456	OK	 
REQUEST		cff2a97f58f145a249f67b460ed780fe1a9989e9-94x122.svg?h=256&auto=format	1681827259872	1681827260464	OK	 
REQUEST		request_11	1681827259528	1681827260489	OK	 
REQUEST		request_20	1681827259786	1681827260496	OK	 
REQUEST		request_14	1681827259785	1681827260517	OK	 
REQUEST		teams-worldwide-spot.svg	1681827259693	1681827260519	OK	 
REQUEST		request_33	1681827259693	1681827260522	OK	 
REQUEST		teams-home-interruptions-1.svg	1681827259689	1681827260529	OK	 
REQUEST		teams-home-interruptions-2.svg	1681827259690	1681827260534	OK	 
REQUEST		request_18	1681827259488	1681827260540	OK	 
REQUEST		teams-cross-team.svg	1681827259988	1681827260553	OK	 
REQUEST		request_6	1681827259922	1681827260557	OK	 
REQUEST		request_34	1681827259623	1681827260559	OK	 
REQUEST		teams-home-interruptions-4.svg	1681827259692	1681827260564	OK	 
REQUEST		request_19	1681827259683	1681827260568	OK	 
REQUEST		request_15	1681827259622	1681827260572	OK	 
REQUEST		request_16	1681827259576	1681827260576	OK	 
REQUEST		teams-home-interruptions-3.svg	1681827259691	1681827260578	OK	 
REQUEST		request_37	1681827259626	1681827260580	OK	 
REQUEST		request_35	1681827259624	1681827260584	OK	 
REQUEST		request_38	1681827259627	1681827260589	OK	 
REQUEST		request_23	1681827259677	1681827260593	OK	 
REQUEST		css2?family=Roboto+Slab:wght@400;700&family=Source+Sans+Pro:ital,wght@0,400;0,600;1,400;1,600&display=swap	1681827259874	1681827260599	OK	 
REQUEST		072c9bf0351abb9a66d8c4025f0a9a5e1dfec778-94x122.svg?h=256&auto=format	1681827259873	1681827260685	OK	 
REQUEST		request_13	1681827259628	1681827260693	OK	 
REQUEST		request_36	1681827259625	1681827260695	OK	 
REQUEST		request_17	1681827259342	1681827260701	OK	 
REQUEST		0eb8697fbe3ece880b152ebb157f61efa2b3b256-491x331.svg?h=128&auto=format	1681827260361	1681827260707	OK	 
REQUEST		request_24	1681827259669	1681827260709	OK	 
REQUEST		d7e31d9595e643cb08659a76e850b19ab3f6815d-313x287.svg?h=128&auto=format	1681827260371	1681827260740	OK	 
REQUEST		30b5fc47c5661a2053fffa8b95e69cd9b1341fc7-120x116.png?h=128&auto=format	1681827260427	1681827260752	OK	 
REQUEST		665c847900ea3490d119d8b32d0cd3218c910149-282x282.svg?h=128&auto=format	1681827260458	1681827260755	OK	 
REQUEST		91e502358351606b4e515497b28ac8e3e0cf3205-120x120.png?h=128&auto=format	1681827260469	1681827260768	OK	 
REQUEST		teams-retain-talent.svg	1681827260520	1681827260771	OK	 
REQUEST		teams-boost-productivity.svg	1681827260530	1681827260774	OK	 
REQUEST		teams-accelarate-innovation.svg	1681827260535	1681827260776	OK	 
REQUEST		request_1	1681827259699	1681827260779	OK	 
REQUEST		request_3	1681827260565	1681827260783	OK	 
REQUEST		request_23	1681827260595	1681827260790	OK	 
REQUEST		request_39	1681827260562	1681827260792	OK	 
REQUEST		request_40	1681827260573	1681827260794	OK	 
REQUEST		request_4	1681827260579	1681827260796	OK	 
REQUEST		request_41	1681827260583	1681827260805	OK	 
REQUEST		request_42	1681827260586	1681827260809	OK	 
REQUEST		request_43	1681827260590	1681827260838	OK	 
REQUEST		a96001cdcd0d4a56b88c6452e77b0a6efe387a9d-192x41.svg?auto=format	1681827260687	1681827260845	OK	 
REQUEST		bf99da124792539fa71dba0a06a8f0afcef3743e-313x70.svg?auto=format	1681827260708	1681827260856	OK	 
REQUEST		request_25	1681827260754	1681827260861	OK	 
REQUEST		request_26	1681827260756	1681827260872	OK	 
REQUEST		ee116110c7bed72a264b5d1db1fe490bcff656f4-598x118.svg?auto=format	1681827260742	1681827260884	OK	 
REQUEST		request_27	1681827260769	1681827260890	OK	 
REQUEST		request_5	1681827260772	1681827260893	OK	 
REQUEST		request_7	1681827260775	1681827260903	OK	 
REQUEST		request_8	1681827260777	1681827260905	OK	 
REQUEST		request_10	1681827260803	1681827260930	OK	 
REQUEST		request_9	1681827260785	1681827260936	OK	 
REQUEST		request_2	1681827260554	1681827260940	OK	 
REQUEST		request_28	1681827260853	1681827260941	OK	 
REQUEST		request_29	1681827260857	1681827260945	OK	 
REQUEST		request_30	1681827260864	1681827260947	OK	 
REQUEST		request_31	1681827260874	1681827260952	OK	 
REQUEST		request_32	1681827260887	1681827260954	OK	 
REQUEST		request_12	1681827260896	1681827260957	OK	 
REQUEST		request_24	1681827260737	1681827260959	OK	 
REQUEST		request_33	1681827260523	1681827260971	OK	 
REQUEST		request_19	1681827260570	1681827260973	OK	 
REQUEST		request_19	1681827260974	1681827261032	OK	 
REQUEST		request_23	1681827260791	1681827261051	OK	 
REQUEST		request_19	1681827261033	1681827261087	OK	 
REQUEST		request_24	1681827260965	1681827261291	OK	 
REQUEST		request_24	1681827261294	1681827261505	OK	 
REQUEST		request_44	1681827263515	1681827263651	OK	 
REQUEST		request_45	1681827265668	1681827265800	OK	 
USER	RecordedSimulation	END	1681827265813
