RUN	com.gatling.tests.LoginandAbout	loginandabout	1681309077751	+Rampup	3.6.1
USER	Users	START	1681309079060
USER	Admins	START	1681309079060
REQUEST		request_0	1681309079118	1681309079454	OK	 
REQUEST		request_0	1681309079118	1681309079444	OK	 
REQUEST		request_0 Redirect 1	1681309079481	1681309079689	OK	 
REQUEST		request_0 Redirect 1	1681309079482	1681309079691	OK	 
REQUEST		favicon.ico?1672659722816	1681309079898	1681309079947	OK	 
REQUEST		favicon.ico?1672659722816	1681309079899	1681309079946	OK	 
USER	Admins	START	1681309080031
USER	Users	START	1681309080041
REQUEST		request_2	1681309079962	1681309080042	OK	 
REQUEST		request_2	1681309079963	1681309080053	OK	 
REQUEST		request_3	1681309080044	1681309080087	OK	 
REQUEST		request_3	1681309080054	1681309080097	OK	 
REQUEST		app.css?1672659722816	1681309079912	1681309080115	KO	status.find.in(200,201,202,203,204,205,206,207,208,209,304), found 503
REQUEST		request_4	1681309080089	1681309080141	KO	status.find.in(200,201,202,203,204,205,206,207,208,209,304), found 503
REQUEST		chunk-vendors.js?1672659722816	1681309079915	1681309080161	KO	status.find.in(200,201,202,203,204,205,206,207,208,209,304), found 503
REQUEST		request_5	1681309080154	1681309080203	KO	status.find.in(200,201,202,203,204,205,206,207,208,209,304), found 503
REQUEST		request_6	1681309080164	1681309080211	KO	status.find.in(200,201,202,203,204,205,206,207,208,209,304), found 503
REQUEST		request_0	1681309080033	1681309080236	KO	status.find.in(200,201,202,203,204,205,206,207,208,209,304), found 503
REQUEST		request_0	1681309080041	1681309080237	KO	status.find.in(200,201,202,203,204,205,206,207,208,209,304), found 503
REQUEST		request_8	1681309080221	1681309080268	KO	status.find.in(200,201,202,203,204,205,206,207,208,209,304), found 503
REQUEST		request_4	1681309080099	1681309080302	OK	 
REQUEST		request_5	1681309080153	1681309080348	KO	status.find.in(200,201,202,203,204,205,206,207,208,209,304), found 401
REQUEST		request_1	1681309079922	1681309080373	OK	 
REQUEST		request_1	1681309079920	1681309080388	OK	 
REQUEST		request_7	1681309080207	1681309080408	KO	status.find.in(200,201,202,203,204,205,206,207,208,209,304), found 401
REQUEST		request_7	1681309080391	1681309080441	KO	status.find.in(200,201,202,203,204,205,206,207,208,209,304), found 503
REQUEST		request_10	1681309080390	1681309080445	KO	status.find.in(200,201,202,203,204,205,206,207,208,209,304), found 503
REQUEST		request_9	1681309080274	1681309080454	KO	status.find.in(200,201,202,203,204,205,206,207,208,209,304), found 401
REQUEST		request_8	1681309080446	1681309080488	KO	status.find.in(200,201,202,203,204,205,206,207,208,209,304), found 503
REQUEST		request_13	1681309080457	1681309080499	KO	status.find.in(200,201,202,203,204,205,206,207,208,209,304), found 503
REQUEST		request_9	1681309080489	1681309080533	KO	status.find.in(200,201,202,203,204,205,206,207,208,209,304), found 503
REQUEST		request_4	1681309080304	1681309080541	OK	 
REQUEST		request_6	1681309080366	1681309080559	KO	status.find.in(200,201,202,203,204,205,206,207,208,209,304), found 401
REQUEST		request_10	1681309080536	1681309080582	KO	status.find.in(200,201,202,203,204,205,206,207,208,209,304), found 503
REQUEST		request_11	1681309080412	1681309080623	OK	 
REQUEST		request_15	1681309080553	1681309080627	KO	status.find.in(200,201,202,203,204,205,206,207,208,209,304), found 503
REQUEST		chunk-vendors.css?1672659722816	1681309079902	1681309080662	OK	 
REQUEST		request_12	1681309080452	1681309080662	OK	 
REQUEST		request_11	1681309080625	1681309080667	KO	status.find.in(200,201,202,203,204,205,206,207,208,209,304), found 503
REQUEST		request_16	1681309080629	1681309080671	KO	status.find.in(200,201,202,203,204,205,206,207,208,209,304), found 503
REQUEST		request_17	1681309080669	1681309080713	KO	status.find.in(200,201,202,203,204,205,206,207,208,209,304), found 503
REQUEST		request_18	1681309080672	1681309080717	KO	status.find.in(200,201,202,203,204,205,206,207,208,209,304), found 503
REQUEST		request_14	1681309080502	1681309080719	KO	status.find.in(200,201,202,203,204,205,206,207,208,209,304), found 401
REQUEST		chunk-vendors.css?1672659722816	1681309079902	1681309080825	OK	 
REQUEST		request_12	1681309080664	1681309080874	OK	 
REQUEST		request_11	1681309080563	1681309080971	OK	 
REQUEST		request_12	1681309080610	1681309080981	OK	 
REQUEST		app.css?1672659722816	1681309079904	1681309081048	OK	 
USER	Admins	START	1681309081046
REQUEST		request_13	1681309080904	1681309081104	OK	 
USER	Users	START	1681309081128
REQUEST		request_11	1681309080979	1681309081206	OK	 
REQUEST		request_12	1681309080984	1681309081308	OK	 
REQUEST		request_13	1681309081104	1681309081391	OK	 
REQUEST		request_0	1681309081059	1681309081413	OK	 
REQUEST		request_14	1681309081076	1681309081439	KO	status.find.in(200,201,202,203,204,205,206,207,208,209,304), found 401
REQUEST		request_0	1681309081129	1681309081462	OK	 
REQUEST		request_15	1681309081207	1681309081498	OK	 
REQUEST		request_16	1681309081309	1681309081556	OK	 
REQUEST		request_17	1681309081393	1681309081607	OK	 
REQUEST		request_0 Redirect 1	1681309081415	1681309081630	OK	 
REQUEST		request_18	1681309081442	1681309081671	OK	 
REQUEST		favicon.ico?1672659722816	1681309081643	1681309081685	OK	 
REQUEST		request_0 Redirect 1	1681309081471	1681309081711	OK	 
REQUEST		favicon.ico?1672659722816	1681309081725	1681309081770	OK	 
REQUEST		request_15	1681309081501	1681309081796	OK	 
REQUEST		request_2	1681309081687	1681309081795	OK	 
REQUEST		chunk-vendors.css?1672659722816	1681309081645	1681309081840	KO	status.find.in(200,201,202,203,204,205,206,207,208,209,304), found 503
REQUEST		request_3	1681309081798	1681309081845	OK	 
REQUEST		chunk-vendors.js?1672659722816	1681309081647	1681309081847	KO	status.find.in(200,201,202,203,204,205,206,207,208,209,304), found 503
REQUEST		request_1	1681309081653	1681309081853	KO	status.find.in(200,201,202,203,204,205,206,207,208,209,304), found 503
REQUEST		app.js?1672659722816	1681309081652	1681309081856	KO	status.find.in(200,201,202,203,204,205,206,207,208,209,304), found 503
REQUEST		request_2	1681309081771	1681309081858	OK	 
REQUEST		request_17	1681309081608	1681309081866	OK	 
REQUEST		request_4	1681309081844	1681309081888	KO	status.find.in(200,201,202,203,204,205,206,207,208,209,304), found 503
REQUEST		request_5	1681309081846	1681309081891	KO	status.find.in(200,201,202,203,204,205,206,207,208,209,304), found 503
REQUEST		request_7	1681309081854	1681309081896	KO	status.find.in(200,201,202,203,204,205,206,207,208,209,304), found 503
REQUEST		request_3	1681309081859	1681309081903	KO	status.find.in(200,201,202,203,204,205,206,207,208,209,304), found 503
REQUEST		request_8	1681309081857	1681309081903	KO	status.find.in(200,201,202,203,204,205,206,207,208,209,304), found 503
REQUEST		chunk-vendors.css?1672659722816	1681309081727	1681309081919	KO	status.find.in(200,201,202,203,204,205,206,207,208,209,304), found 503
REQUEST		app.js?1672659722816	1681309081732	1681309081926	KO	status.find.in(200,201,202,203,204,205,206,207,208,209,304), found 503
REQUEST		request_9	1681309081890	1681309081931	KO	status.find.in(200,201,202,203,204,205,206,207,208,209,304), found 503
REQUEST		request_10	1681309081895	1681309081936	KO	status.find.in(200,201,202,203,204,205,206,207,208,209,304), found 503
REQUEST		app.css?1672659722816	1681309081728	1681309081936	KO	status.find.in(200,201,202,203,204,205,206,207,208,209,304), found 503
REQUEST		chunk-vendors.js?1672659722816	1681309081730	1681309081939	KO	status.find.in(200,201,202,203,204,205,206,207,208,209,304), found 503
REQUEST		request_11	1681309081898	1681309081939	KO	status.find.in(200,201,202,203,204,205,206,207,208,209,304), found 503
REQUEST		request_12	1681309081905	1681309081948	KO	status.find.in(200,201,202,203,204,205,206,207,208,209,304), found 503
REQUEST		request_4	1681309081907	1681309081949	KO	status.find.in(200,201,202,203,204,205,206,207,208,209,304), found 503
REQUEST		request_16	1681309081558	1681309081953	OK	 
REQUEST		request_5	1681309081922	1681309081962	KO	status.find.in(200,201,202,203,204,205,206,207,208,209,304), found 503
REQUEST		request_6	1681309081927	1681309081967	KO	status.find.in(200,201,202,203,204,205,206,207,208,209,304), found 503
REQUEST		request_13	1681309081935	1681309081973	KO	status.find.in(200,201,202,203,204,205,206,207,208,209,304), found 503
REQUEST		request_14	1681309081938	1681309081978	KO	status.find.in(200,201,202,203,204,205,206,207,208,209,304), found 503
REQUEST		request_7	1681309081938	1681309081980	KO	status.find.in(200,201,202,203,204,205,206,207,208,209,304), found 503
REQUEST		request_15	1681309081942	1681309081981	KO	status.find.in(200,201,202,203,204,205,206,207,208,209,304), found 503
REQUEST		request_8	1681309081941	1681309081983	KO	status.find.in(200,201,202,203,204,205,206,207,208,209,304), found 503
REQUEST		request_16	1681309081952	1681309081992	KO	status.find.in(200,201,202,203,204,205,206,207,208,209,304), found 503
REQUEST		request_10	1681309081964	1681309082004	KO	status.find.in(200,201,202,203,204,205,206,207,208,209,304), found 503
REQUEST		request_11	1681309081968	1681309082008	KO	status.find.in(200,201,202,203,204,205,206,207,208,209,304), found 503
REQUEST		request_17	1681309081974	1681309082012	KO	status.find.in(200,201,202,203,204,205,206,207,208,209,304), found 503
REQUEST		request_18	1681309081979	1681309082019	KO	status.find.in(200,201,202,203,204,205,206,207,208,209,304), found 503
REQUEST		request_12	1681309081981	1681309082022	KO	status.find.in(200,201,202,203,204,205,206,207,208,209,304), found 503
REQUEST		request_6	1681309081852	1681309082024	KO	status.find.in(200,201,202,203,204,205,206,207,208,209,304), found 401
REQUEST		request_13	1681309081984	1681309082025	KO	status.find.in(200,201,202,203,204,205,206,207,208,209,304), found 503
REQUEST		request_18	1681309081672	1681309082035	OK	 
USER	Users	START	1681309082040
USER	Admins	START	1681309082040
REQUEST		request_15	1681309082009	1681309082048	KO	status.find.in(200,201,202,203,204,205,206,207,208,209,304), found 503
REQUEST		request_16	1681309082023	1681309082066	KO	status.find.in(200,201,202,203,204,205,206,207,208,209,304), found 503
REQUEST		request_17	1681309082026	1681309082068	KO	status.find.in(200,201,202,203,204,205,206,207,208,209,304), found 503
REQUEST		app.js?1672659722816	1681309079920	1681309082090	OK	 
REQUEST		request_9	1681309081952	1681309082131	KO	status.find.in(200,201,202,203,204,205,206,207,208,209,304), found 401
REQUEST		request_1	1681309081735	1681309082206	OK	 
REQUEST		request_18	1681309082049	1681309082224	OK	 
REQUEST		request_0	1681309082041	1681309082370	OK	 
REQUEST		request_0	1681309082041	1681309082370	OK	 
REQUEST		request_14	1681309082005	1681309082416	KO	status.find.in(200,201,202,203,204,205,206,207,208,209,304), found 401
REQUEST		request_18	1681309082225	1681309082439	OK	 
REQUEST		app.css?1672659722816	1681309081646	1681309082548	OK	 
REQUEST		request_0 Redirect 1	1681309082372	1681309082576	OK	 
REQUEST		request_0 Redirect 1	1681309082372	1681309082590	OK	 
REQUEST		chunk-vendors.js?1672659722816	1681309079906	1681309082596	OK	 
REQUEST		favicon.ico?1672659722816	1681309082586	1681309082629	OK	 
REQUEST		favicon.ico?1672659722816	1681309082606	1681309082646	OK	 
REQUEST		request_2	1681309082630	1681309082715	OK	 
REQUEST		request_2	1681309082647	1681309082736	OK	 
REQUEST		request_3	1681309082719	1681309082768	OK	 
REQUEST		request_3	1681309082738	1681309082778	OK	 
REQUEST		chunk-vendors.css?1672659722816	1681309082587	1681309082781	KO	status.find.in(200,201,202,203,204,205,206,207,208,209,304), found 503
REQUEST		app.js?1672659722816	1681309082590	1681309082786	KO	status.find.in(200,201,202,203,204,205,206,207,208,209,304), found 503
REQUEST		chunk-vendors.css?1672659722816	1681309082606	1681309082786	KO	status.find.in(200,201,202,203,204,205,206,207,208,209,304), found 503
REQUEST		app.css?1672659722816	1681309082607	1681309082791	KO	status.find.in(200,201,202,203,204,205,206,207,208,209,304), found 503
REQUEST		request_1	1681309082610	1681309082799	KO	status.find.in(200,201,202,203,204,205,206,207,208,209,304), found 503
REQUEST		app.js?1672659722816	1681309082609	1681309082805	KO	status.find.in(200,201,202,203,204,205,206,207,208,209,304), found 503
REQUEST		request_4	1681309082772	1681309082815	KO	status.find.in(200,201,202,203,204,205,206,207,208,209,304), found 503
REQUEST		request_4	1681309082778	1681309082822	KO	status.find.in(200,201,202,203,204,205,206,207,208,209,304), found 503
REQUEST		request_5	1681309082782	1681309082837	KO	status.find.in(200,201,202,203,204,205,206,207,208,209,304), found 503
REQUEST		request_5	1681309082788	1681309082837	KO	status.find.in(200,201,202,203,204,205,206,207,208,209,304), found 503
REQUEST		request_6	1681309082787	1681309082841	KO	status.find.in(200,201,202,203,204,205,206,207,208,209,304), found 503
REQUEST		request_6	1681309082792	1681309082841	KO	status.find.in(200,201,202,203,204,205,206,207,208,209,304), found 503
REQUEST		request_8	1681309082806	1681309082847	KO	status.find.in(200,201,202,203,204,205,206,207,208,209,304), found 503
REQUEST		request_7	1681309082816	1681309082857	KO	status.find.in(200,201,202,203,204,205,206,207,208,209,304), found 503
REQUEST		request_9	1681309082823	1681309082863	KO	status.find.in(200,201,202,203,204,205,206,207,208,209,304), found 503
REQUEST		request_10	1681309082839	1681309082888	KO	status.find.in(200,201,202,203,204,205,206,207,208,209,304), found 503
REQUEST		request_8	1681309082839	1681309082890	KO	status.find.in(200,201,202,203,204,205,206,207,208,209,304), found 503
REQUEST		request_9	1681309082842	1681309082898	KO	status.find.in(200,201,202,203,204,205,206,207,208,209,304), found 503
REQUEST		request_11	1681309082842	1681309082900	KO	status.find.in(200,201,202,203,204,205,206,207,208,209,304), found 503
REQUEST		request_12	1681309082848	1681309082910	KO	status.find.in(200,201,202,203,204,205,206,207,208,209,304), found 503
REQUEST		request_13	1681309082864	1681309082915	KO	status.find.in(200,201,202,203,204,205,206,207,208,209,304), found 503
REQUEST		request_14	1681309082889	1681309082931	KO	status.find.in(200,201,202,203,204,205,206,207,208,209,304), found 503
REQUEST		request_11	1681309082891	1681309082941	KO	status.find.in(200,201,202,203,204,205,206,207,208,209,304), found 503
REQUEST		request_12	1681309082907	1681309082955	KO	status.find.in(200,201,202,203,204,205,206,207,208,209,304), found 503
REQUEST		request_16	1681309082912	1681309082965	KO	status.find.in(200,201,202,203,204,205,206,207,208,209,304), found 503
REQUEST		request_17	1681309082920	1681309082968	KO	status.find.in(200,201,202,203,204,205,206,207,208,209,304), found 503
REQUEST		request_18	1681309082932	1681309082975	KO	status.find.in(200,201,202,203,204,205,206,207,208,209,304), found 503
REQUEST		request_7	1681309082802	1681309082980	KO	status.find.in(200,201,202,203,204,205,206,207,208,209,304), found 401
REQUEST		request_13	1681309082942	1681309082986	KO	status.find.in(200,201,202,203,204,205,206,207,208,209,304), found 503
REQUEST		request_15	1681309082987	1681309083031	KO	status.find.in(200,201,202,203,204,205,206,207,208,209,304), found 503
USER	Admins	START	1681309083036
USER	Users	START	1681309083036
REQUEST		request_10	1681309082859	1681309083041	KO	status.find.in(200,201,202,203,204,205,206,207,208,209,304), found 401
REQUEST		request_16	1681309083032	1681309083072	KO	status.find.in(200,201,202,203,204,205,206,207,208,209,304), found 503
REQUEST		request_17	1681309083042	1681309083089	KO	status.find.in(200,201,202,203,204,205,206,207,208,209,304), found 503
REQUEST		request_15	1681309082906	1681309083091	OK	 
REQUEST		request_15	1681309083091	1681309083163	KO	status.find.in(200,201,202,203,204,205,206,207,208,209,304), found 503
REQUEST		request_14	1681309082957	1681309083172	KO	status.find.in(200,201,202,203,204,205,206,207,208,209,304), found 401
USER	Users	END	1681309083255
REQUEST		request_18	1681309083073	1681309083273	OK	 
REQUEST		request_0	1681309083037	1681309083433	OK	 
REQUEST		request_19	1681309083272	1681309083452	KO	status.find.in(200,201,202,203,204,205,206,207,208,209,304), found 401
USER	Admins	END	1681309083455
REQUEST		request_0	1681309083037	1681309083485	OK	 
REQUEST		request_18	1681309083274	1681309083491	OK	 
REQUEST		request_1	1681309082591	1681309083599	OK	 
REQUEST		request_0 Redirect 1	1681309083435	1681309083650	OK	 
REQUEST		request_0 Redirect 1	1681309083487	1681309083691	OK	 
REQUEST		favicon.ico?1672659722816	1681309083659	1681309083710	OK	 
REQUEST		favicon.ico?1672659722816	1681309083698	1681309083743	OK	 
REQUEST		request_2	1681309083711	1681309083806	OK	 
REQUEST		request_2	1681309083744	1681309083830	OK	 
REQUEST		request_3	1681309083806	1681309083854	OK	 
REQUEST		chunk-vendors.css?1672659722816	1681309083698	1681309083872	KO	status.find.in(200,201,202,203,204,205,206,207,208,209,304), found 503
REQUEST		chunk-vendors.css?1672659722816	1681309083660	1681309083872	KO	status.find.in(200,201,202,203,204,205,206,207,208,209,304), found 503
REQUEST		request_3	1681309083830	1681309083876	KO	status.find.in(200,201,202,203,204,205,206,207,208,209,304), found 503
REQUEST		chunk-vendors.js?1672659722816	1681309083702	1681309083878	KO	status.find.in(200,201,202,203,204,205,206,207,208,209,304), found 503
REQUEST		request_1	1681309083705	1681309083882	KO	status.find.in(200,201,202,203,204,205,206,207,208,209,304), found 503
REQUEST		app.js?1672659722816	1681309083704	1681309083887	KO	status.find.in(200,201,202,203,204,205,206,207,208,209,304), found 503
REQUEST		request_4	1681309083856	1681309083896	KO	status.find.in(200,201,202,203,204,205,206,207,208,209,304), found 503
REQUEST		request_4	1681309083873	1681309083942	KO	status.find.in(200,201,202,203,204,205,206,207,208,209,304), found 503
REQUEST		request_5	1681309083877	1681309083945	KO	status.find.in(200,201,202,203,204,205,206,207,208,209,304), found 503
REQUEST		request_10	1681309083946	1681309083995	KO	status.find.in(200,201,202,203,204,205,206,207,208,209,304), found 503
USER	Users	START	1681309084044
USER	Admins	START	1681309084046
REQUEST		app.js?1672659722816	1681309079908	1681309084081	OK	 
REQUEST		request_9	1681309083944	1681309084108	KO	status.find.in(200,201,202,203,204,205,206,207,208,209,304), found 401
REQUEST		request_1	1681309083663	1681309084182	OK	 
REQUEST		request_6	1681309083879	1681309084188	KO	status.find.in(200,201,202,203,204,205,206,207,208,209,304), found 503
REQUEST		request_5	1681309083874	1681309084188	KO	status.find.in(200,201,202,203,204,205,206,207,208,209,304), found 503
REQUEST		request_7	1681309083886	1681309084190	KO	status.find.in(200,201,202,203,204,205,206,207,208,209,304), found 503
REQUEST		request_11	1681309083996	1681309084194	OK	 
REQUEST		request_8	1681309083889	1681309084196	KO	status.find.in(200,201,202,203,204,205,206,207,208,209,304), found 503
REQUEST		request_8	1681309084189	1681309084240	KO	status.find.in(200,201,202,203,204,205,206,207,208,209,304), found 503
REQUEST		request_11	1681309084195	1681309084242	KO	status.find.in(200,201,202,203,204,205,206,207,208,209,304), found 503
REQUEST		request_15	1681309084197	1681309084245	KO	status.find.in(200,201,202,203,204,205,206,207,208,209,304), found 503
REQUEST		request_0	1681309084044	1681309084283	KO	status.find.in(200,201,202,203,204,205,206,207,208,209,304), found 503
REQUEST		request_9	1681309084241	1681309084287	KO	status.find.in(200,201,202,203,204,205,206,207,208,209,304), found 503
REQUEST		request_16	1681309084244	1681309084287	KO	status.find.in(200,201,202,203,204,205,206,207,208,209,304), found 503
REQUEST		request_17	1681309084246	1681309084290	KO	status.find.in(200,201,202,203,204,205,206,207,208,209,304), found 503
REQUEST		request_18	1681309084288	1681309084351	KO	status.find.in(200,201,202,203,204,205,206,207,208,209,304), found 503
REQUEST		request_12	1681309084110	1681309084356	OK	 
REQUEST		request_7	1681309084184	1681309084373	KO	status.find.in(200,201,202,203,204,205,206,207,208,209,304), found 401
REQUEST		request_14	1681309084191	1681309084390	KO	status.find.in(200,201,202,203,204,205,206,207,208,209,304), found 401
REQUEST		request_0	1681309084046	1681309084412	OK	 
REQUEST		request_13	1681309084189	1681309084444	OK	 
REQUEST		request_10	1681309084288	1681309084479	KO	status.find.in(200,201,202,203,204,205,206,207,208,209,304), found 401
REQUEST		request_13	1681309084445	1681309084489	KO	status.find.in(200,201,202,203,204,205,206,207,208,209,304), found 503
REQUEST		request_11	1681309084374	1681309084570	OK	 
REQUEST		request_12	1681309084357	1681309084576	OK	 
REQUEST		request_0 Redirect 1	1681309084414	1681309084633	OK	 
REQUEST		request_12	1681309084480	1681309084670	OK	 
REQUEST		request_6	1681309083897	1681309084683	KO	status.find.in(200,201,202,203,204,205,206,207,208,209,304), found 503
REQUEST		favicon.ico?1672659722816	1681309084641	1681309084686	OK	 
REQUEST		request_2	1681309084687	1681309084733	KO	status.find.in(200,201,202,203,204,205,206,207,208,209,304), found 503
REQUEST		request_3	1681309084735	1681309084777	OK	 
REQUEST		request_11	1681309084571	1681309084778	OK	 
REQUEST		request_14	1681309084779	1681309084843	KO	status.find.in(200,201,202,203,204,205,206,207,208,209,304), found 503
REQUEST		app.css?1672659722816	1681309084643	1681309084848	KO	status.find.in(200,201,202,203,204,205,206,207,208,209,304), found 503
REQUEST		app.js?1672659722816	1681309084644	1681309084852	KO	status.find.in(200,201,202,203,204,205,206,207,208,209,304), found 503
REQUEST		request_12	1681309084671	1681309084877	OK	 
REQUEST		request_15	1681309084844	1681309084887	KO	status.find.in(200,201,202,203,204,205,206,207,208,209,304), found 503
REQUEST		request_6	1681309084853	1681309084894	KO	status.find.in(200,201,202,203,204,205,206,207,208,209,304), found 503
REQUEST		chunk-vendors.js?1672659722816	1681309084643	1681309084907	KO	status.find.in(200,201,202,203,204,205,206,207,208,209,304), found 503
REQUEST		request_16	1681309084878	1681309084919	KO	status.find.in(200,201,202,203,204,205,206,207,208,209,304), found 503
REQUEST		request_13	1681309084685	1681309084926	OK	 
REQUEST		request_7	1681309084895	1681309084937	KO	status.find.in(200,201,202,203,204,205,206,207,208,209,304), found 503
REQUEST		request_4	1681309084777	1681309084947	OK	 
REQUEST		request_18	1681309084920	1681309084961	KO	status.find.in(200,201,202,203,204,205,206,207,208,209,304), found 503
REQUEST		request_13	1681309084927	1681309084971	KO	status.find.in(200,201,202,203,204,205,206,207,208,209,304), found 503
REQUEST		request_9	1681309084938	1681309084983	KO	status.find.in(200,201,202,203,204,205,206,207,208,209,304), found 503
REQUEST		request_4	1681309084948	1681309085005	KO	status.find.in(200,201,202,203,204,205,206,207,208,209,304), found 503
REQUEST		request_5	1681309084849	1681309085059	KO	status.find.in(200,201,202,203,204,205,206,207,208,209,304), found 401
USER	Admins	START	1681309085062
USER	Users	START	1681309085065
REQUEST		chunk-vendors.css?1672659722816	1681309084642	1681309085073	KO	status.find.in(200,201,202,203,204,205,206,207,208,209,304), found 503
USER	Users	END	1681309085107
REQUEST		request_8	1681309084908	1681309085108	KO	status.find.in(200,201,202,203,204,205,206,207,208,209,304), found 401
REQUEST		request_13	1681309085073	1681309085120	KO	status.find.in(200,201,202,203,204,205,206,207,208,209,304), found 503
REQUEST		request_1	1681309084645	1681309085152	OK	 
REQUEST		request_15	1681309085121	1681309085162	KO	status.find.in(200,201,202,203,204,205,206,207,208,209,304), found 503
REQUEST		request_17	1681309084888	1681309085188	KO	status.find.in(200,201,202,203,204,205,206,207,208,209,304), found 503
REQUEST		request_10	1681309084985	1681309085189	KO	status.find.in(200,201,202,203,204,205,206,207,208,209,304), found 401
REQUEST		request_17	1681309085163	1681309085205	KO	status.find.in(200,201,202,203,204,205,206,207,208,209,304), found 503
REQUEST		request_11	1681309085006	1681309085228	OK	 
REQUEST		request_18	1681309085190	1681309085245	KO	status.find.in(200,201,202,203,204,205,206,207,208,209,304), found 503
REQUEST		request_0	1681309085070	1681309085255	KO	status.find.in(200,201,202,203,204,205,206,207,208,209,304), found 503
REQUEST		app.css?1672659722816	1681309083661	1681309085294	OK	 
REQUEST		request_12	1681309085060	1681309085301	OK	 
REQUEST		request_14	1681309085109	1681309085352	KO	status.find.in(200,201,202,203,204,205,206,207,208,209,304), found 401
REQUEST		request_16	1681309085153	1681309085403	OK	 
USER	Users	END	1681309085457
REQUEST		request_11	1681309085231	1681309085509	OK	 
REQUEST		app.css?1672659722816	1681309082588	1681309085541	OK	 
REQUEST		request_12	1681309085303	1681309085592	OK	 
REQUEST		request_16	1681309085404	1681309085680	OK	 
REQUEST		request_19	1681309085588	1681309085761	KO	status.find.in(200,201,202,203,204,205,206,207,208,209,304), found 401
USER	Admins	END	1681309085764
REQUEST		chunk-vendors.js?1672659722816	1681309082608	1681309085935	OK	 
USER	Users	START	1681309086026
USER	Admins	START	1681309086040
REQUEST		app.css?1672659722816	1681309083700	1681309086110	OK	 
REQUEST		request_0	1681309086041	1681309086349	OK	 
REQUEST		request_0	1681309086026	1681309086390	OK	 
REQUEST		request_0	1681309085063	1681309086493	OK	 
REQUEST		chunk-vendors.js?1672659722816	1681309082589	1681309086511	OK	 
REQUEST		request_0 Redirect 1	1681309086351	1681309086544	OK	 
REQUEST		request_0 Redirect 1	1681309086391	1681309086590	OK	 
REQUEST		favicon.ico?1672659722816	1681309086551	1681309086605	OK	 
REQUEST		favicon.ico?1672659722816	1681309086595	1681309086646	OK	 
REQUEST		request_2	1681309086605	1681309086693	OK	 
REQUEST		request_0 Redirect 1	1681309086494	1681309086705	OK	 
REQUEST		request_2	1681309086646	1681309086737	OK	 
REQUEST		request_3	1681309086693	1681309086737	OK	 
REQUEST		favicon.ico?1672659722816	1681309086711	1681309086754	OK	 
REQUEST		request_3	1681309086738	1681309086781	KO	status.find.in(200,201,202,203,204,205,206,207,208,209,304), found 503
REQUEST		app.css?1672659722816	1681309086597	1681309086801	KO	status.find.in(200,201,202,203,204,205,206,207,208,209,304), found 503
REQUEST		app.js?1672659722816	1681309086599	1681309086804	KO	status.find.in(200,201,202,203,204,205,206,207,208,209,304), found 503
REQUEST		request_1	1681309086600	1681309086810	KO	status.find.in(200,201,202,203,204,205,206,207,208,209,304), found 503
REQUEST		request_6	1681309086804	1681309086849	KO	status.find.in(200,201,202,203,204,205,206,207,208,209,304), found 503
REQUEST		request_7	1681309086811	1681309086855	KO	status.find.in(200,201,202,203,204,205,206,207,208,209,304), found 503
REQUEST		chunk-vendors.css?1672659722816	1681309086711	1681309086895	KO	status.find.in(200,201,202,203,204,205,206,207,208,209,304), found 503
REQUEST		request_9	1681309086855	1681309086904	KO	status.find.in(200,201,202,203,204,205,206,207,208,209,304), found 503
REQUEST		app.css?1672659722816	1681309086712	1681309086905	KO	status.find.in(200,201,202,203,204,205,206,207,208,209,304), found 503
REQUEST		app.js?1672659722816	1681309086713	1681309086907	KO	status.find.in(200,201,202,203,204,205,206,207,208,209,304), found 503
REQUEST		request_2	1681309086755	1681309086909	OK	 
REQUEST		request_1	1681309086715	1681309086925	KO	status.find.in(200,201,202,203,204,205,206,207,208,209,304), found 503
REQUEST		chunk-vendors.js?1672659722816	1681309086713	1681309086941	KO	status.find.in(200,201,202,203,204,205,206,207,208,209,304), found 503
REQUEST		request_3	1681309086896	1681309086945	KO	status.find.in(200,201,202,203,204,205,206,207,208,209,304), found 503
REQUEST		request_5	1681309086908	1681309086947	KO	status.find.in(200,201,202,203,204,205,206,207,208,209,304), found 503
REQUEST		request_6	1681309086910	1681309086954	KO	status.find.in(200,201,202,203,204,205,206,207,208,209,304), found 503
REQUEST		request_10	1681309086905	1681309086955	KO	status.find.in(200,201,202,203,204,205,206,207,208,209,304), found 503
REQUEST		request_7	1681309086925	1681309086970	KO	status.find.in(200,201,202,203,204,205,206,207,208,209,304), found 503
REQUEST		request_8	1681309086942	1681309087001	KO	status.find.in(200,201,202,203,204,205,206,207,208,209,304), found 503
REQUEST		request_9	1681309086945	1681309087003	KO	status.find.in(200,201,202,203,204,205,206,207,208,209,304), found 503
REQUEST		request_10	1681309086948	1681309087008	KO	status.find.in(200,201,202,203,204,205,206,207,208,209,304), found 503
REQUEST		request_5	1681309086803	1681309087011	KO	status.find.in(200,201,202,203,204,205,206,207,208,209,304), found 401
REQUEST		request_12	1681309086972	1681309087015	KO	status.find.in(200,201,202,203,204,205,206,207,208,209,304), found 503
USER	Admins	START	1681309087026
USER	Users	START	1681309087031
REQUEST		request_1	1681309086556	1681309087041	OK	 
REQUEST		request_8	1681309086852	1681309087041	KO	status.find.in(200,201,202,203,204,205,206,207,208,209,304), found 401
REQUEST		request_14	1681309087004	1681309087047	KO	status.find.in(200,201,202,203,204,205,206,207,208,209,304), found 503
REQUEST		request_15	1681309087009	1681309087055	KO	status.find.in(200,201,202,203,204,205,206,207,208,209,304), found 503
REQUEST		request_12	1681309087012	1681309087058	KO	status.find.in(200,201,202,203,204,205,206,207,208,209,304), found 503
REQUEST		request_16	1681309087016	1681309087062	KO	status.find.in(200,201,202,203,204,205,206,207,208,209,304), found 503
REQUEST		request_4	1681309086783	1681309087076	KO	status.find.in(200,201,202,203,204,205,206,207,208,209,304), found 503
REQUEST		request_4	1681309086738	1681309087079	OK	 
REQUEST		request_4	1681309086906	1681309087080	OK	 
REQUEST		request_5	1681309087042	1681309087087	KO	status.find.in(200,201,202,203,204,205,206,207,208,209,304), found 503
REQUEST		request_13	1681309087042	1681309087091	KO	status.find.in(200,201,202,203,204,205,206,207,208,209,304), found 503
REQUEST		request_17	1681309087048	1681309087091	KO	status.find.in(200,201,202,203,204,205,206,207,208,209,304), found 503
REQUEST		request_14	1681309087059	1681309087109	KO	status.find.in(200,201,202,203,204,205,206,207,208,209,304), found 503
REQUEST		request_4	1681309087080	1681309087122	KO	status.find.in(200,201,202,203,204,205,206,207,208,209,304), found 503
REQUEST		request_15	1681309087078	1681309087124	KO	status.find.in(200,201,202,203,204,205,206,207,208,209,304), found 503
REQUEST		request_4	1681309087080	1681309087125	KO	status.find.in(200,201,202,203,204,205,206,207,208,209,304), found 503
REQUEST		request_6	1681309087088	1681309087128	KO	status.find.in(200,201,202,203,204,205,206,207,208,209,304), found 503
REQUEST		request_11	1681309086955	1681309087130	OK	 
REQUEST		request_16	1681309087091	1681309087138	KO	status.find.in(200,201,202,203,204,205,206,207,208,209,304), found 503
REQUEST		request_19	1681309087094	1681309087138	KO	status.find.in(200,201,202,203,204,205,206,207,208,209,304), found 503
USER	Admins	END	1681309087142
REQUEST		request_7	1681309087123	1681309087163	KO	status.find.in(200,201,202,203,204,205,206,207,208,209,304), found 503
REQUEST		request_18	1681309087125	1681309087170	KO	status.find.in(200,201,202,203,204,205,206,207,208,209,304), found 503
REQUEST		request_11	1681309087130	1681309087172	KO	status.find.in(200,201,202,203,204,205,206,207,208,209,304), found 503
REQUEST		request_8	1681309087129	1681309087172	KO	status.find.in(200,201,202,203,204,205,206,207,208,209,304), found 503
REQUEST		request_13	1681309087002	1681309087190	OK	 
REQUEST		request_9	1681309087164	1681309087204	KO	status.find.in(200,201,202,203,204,205,206,207,208,209,304), found 503
REQUEST		request_0	1681309087031	1681309087207	KO	status.find.in(200,201,202,203,204,205,206,207,208,209,304), found 503
REQUEST		request_10	1681309087172	1681309087233	KO	status.find.in(200,201,202,203,204,205,206,207,208,209,304), found 503
REQUEST		request_18	1681309087056	1681309087240	OK	 
REQUEST		request_11	1681309086956	1681309087244	KO	status.find.in(200,201,202,203,204,205,206,207,208,209,304), found 503
REQUEST		request_12	1681309087234	1681309087277	KO	status.find.in(200,201,202,203,204,205,206,207,208,209,304), found 503
REQUEST		request_18	1681309087241	1681309087294	KO	status.find.in(200,201,202,203,204,205,206,207,208,209,304), found 503
USER	Users	END	1681309087295
REQUEST		request_17	1681309087110	1681309087302	OK	 
REQUEST		request_0	1681309087026	1681309087343	OK	 
REQUEST		request_11	1681309087205	1681309087379	OK	 
REQUEST		request_0 Redirect 1	1681309087344	1681309087385	KO	status.find.in(200,201,202,203,204,205,206,207,208,209,304), found 503
REQUEST		chunk-vendors.css?1672659722816	1681309086552	1681309087448	OK	 
REQUEST		request_13	1681309087278	1681309087453	OK	 
REQUEST		request_13	1681309087191	1681309087506	KO	status.find.in(200,201,202,203,204,205,206,207,208,209,304), found 503
REQUEST		request_17	1681309087303	1681309087521	OK	 
REQUEST		request_11	1681309087379	1681309087587	OK	 
REQUEST		chunk-vendors.css?1672659722816	1681309086596	1681309087678	OK	 
REQUEST		request_13	1681309087454	1681309087692	OK	 
REQUEST		request_14	1681309087452	1681309087755	KO	status.find.in(200,201,202,203,204,205,206,207,208,209,304), found 401
REQUEST		app.js?1672659722816	1681309083662	1681309087807	OK	 
REQUEST		request_15	1681309087588	1681309087822	OK	 
REQUEST		request_16	1681309087692	1681309087914	OK	 
USER	Users	START	1681309088053
USER	Admins	START	1681309088053
REQUEST		request_17	1681309087755	1681309088088	OK	 
REQUEST		request_15	1681309087822	1681309088155	OK	 
REQUEST		chunk-vendors.js?1672659722816	1681309083661	1681309088195	OK	 
USER	Users	END	1681309088268
REQUEST		request_16	1681309087915	1681309088282	OK	 
REQUEST		request_17	1681309088088	1681309088397	OK	 
REQUEST		request_0	1681309088053	1681309088454	OK	 
REQUEST		request_18	1681309088156	1681309088480	OK	 
REQUEST		request_0	1681309088054	1681309088480	OK	 
REQUEST		app.css?1672659722816	1681309086553	1681309088520	OK	 
REQUEST		request_0 Redirect 1	1681309088454	1681309088687	OK	 
REQUEST		request_18	1681309088481	1681309088725	OK	 
REQUEST		favicon.ico?1672659722816	1681309088694	1681309088748	OK	 
REQUEST		request_0 Redirect 1	1681309088481	1681309088790	OK	 
REQUEST		request_2	1681309088750	1681309088829	OK	 
REQUEST		favicon.ico?1672659722816	1681309088795	1681309088838	OK	 
REQUEST		request_19	1681309088693	1681309088925	KO	status.find.in(200,201,202,203,204,205,206,207,208,209,304), found 401
USER	Admins	END	1681309088928
REQUEST		request_2	1681309088839	1681309088938	OK	 
USER	Users	END	1681309088956
REQUEST		request_3	1681309088939	1681309088987	OK	 
REQUEST		request_4	1681309088988	1681309089033	KO	status.find.in(200,201,202,203,204,205,206,207,208,209,304), found 503
USER	Users	END	1681309089142
REQUEST		request_5	1681309089035	1681309089238	KO	status.find.in(200,201,202,203,204,205,206,207,208,209,304), found 401
REQUEST		request_3	1681309088829	1681309089242	OK	 
REQUEST		request_1	1681309088799	1681309089339	OK	 
REQUEST		request_4	1681309089242	1681309089440	OK	 
REQUEST		request_6	1681309089239	1681309089440	KO	status.find.in(200,201,202,203,204,205,206,207,208,209,304), found 401
REQUEST		request_7	1681309089340	1681309089519	KO	status.find.in(200,201,202,203,204,205,206,207,208,209,304), found 401
REQUEST		request_8	1681309089442	1681309089626	KO	status.find.in(200,201,202,203,204,205,206,207,208,209,304), found 401
REQUEST		request_19	1681309089519	1681309089694	KO	status.find.in(200,201,202,203,204,205,206,207,208,209,304), found 401
USER	Admins	END	1681309089698
REQUEST		request_9	1681309089520	1681309089708	KO	status.find.in(200,201,202,203,204,205,206,207,208,209,304), found 401
REQUEST		request_10	1681309089627	1681309089812	KO	status.find.in(200,201,202,203,204,205,206,207,208,209,304), found 401
REQUEST		request_4	1681309089441	1681309089854	OK	 
REQUEST		request_11	1681309089710	1681309089873	OK	 
REQUEST		request_12	1681309089813	1681309089987	OK	 
REQUEST		request_5	1681309089854	1681309090019	KO	status.find.in(200,201,202,203,204,205,206,207,208,209,304), found 401
REQUEST		request_11	1681309089874	1681309090074	OK	 
USER	Users	END	1681309090212
REQUEST		request_6	1681309090020	1681309090225	KO	status.find.in(200,201,202,203,204,205,206,207,208,209,304), found 401
REQUEST		request_12	1681309089988	1681309090277	OK	 
REQUEST		request_13	1681309090074	1681309090325	OK	 
REQUEST		request_7	1681309090226	1681309090394	KO	status.find.in(200,201,202,203,204,205,206,207,208,209,304), found 401
REQUEST		request_14	1681309090278	1681309090455	KO	status.find.in(200,201,202,203,204,205,206,207,208,209,304), found 401
REQUEST		app.css?1672659722816	1681309088696	1681309090475	OK	 
REQUEST		request_13	1681309090326	1681309090557	OK	 
REQUEST		request_19	1681309090397	1681309090569	KO	status.find.in(200,201,202,203,204,205,206,207,208,209,304), found 401
USER	Admins	END	1681309090570
REQUEST		request_8	1681309090394	1681309090572	KO	status.find.in(200,201,202,203,204,205,206,207,208,209,304), found 401
REQUEST		chunk-vendors.css?1672659722816	1681309088695	1681309090579	OK	 
REQUEST		app.css?1672659722816	1681309088797	1681309090612	OK	 
REQUEST		request_15	1681309090456	1681309090670	OK	 
REQUEST		request_16	1681309090557	1681309090728	OK	 
REQUEST		request_9	1681309090480	1681309090741	KO	status.find.in(200,201,202,203,204,205,206,207,208,209,304), found 401
REQUEST		request_17	1681309090617	1681309090806	OK	 
REQUEST		request_10	1681309090573	1681309090806	KO	status.find.in(200,201,202,203,204,205,206,207,208,209,304), found 401
REQUEST		request_11	1681309090587	1681309090845	OK	 
REQUEST		chunk-vendors.js?1672659722816	1681309086554	1681309090871	OK	 
REQUEST		request_12	1681309090741	1681309090917	OK	 
REQUEST		request_19	1681309090509	1681309090928	KO	status.find.in(200,201,202,203,204,205,206,207,208,209,304), found 401
USER	Admins	END	1681309090931
REQUEST		request_15	1681309090671	1681309090943	OK	 
REQUEST		request_13	1681309090808	1681309090983	OK	 
REQUEST		request_17	1681309090808	1681309091030	OK	 
REQUEST		app.js?1672659722816	1681309086555	1681309091069	OK	 
REQUEST		request_11	1681309090845	1681309091099	OK	 
REQUEST		request_16	1681309090729	1681309091115	OK	 
REQUEST		chunk-vendors.js?1672659722816	1681309086598	1681309091140	OK	 
REQUEST		request_18	1681309090943	1681309091196	OK	 
REQUEST		request_12	1681309090918	1681309091231	OK	 
REQUEST		request_14	1681309091100	1681309091291	KO	status.find.in(200,201,202,203,204,205,206,207,208,209,304), found 401
REQUEST		request_13	1681309090984	1681309091376	OK	 
REQUEST		request_19	1681309091200	1681309091377	KO	status.find.in(200,201,202,203,204,205,206,207,208,209,304), found 401
USER	Admins	END	1681309091379
REQUEST		request_1	1681309088698	1681309091391	OK	 
REQUEST		request_18	1681309091196	1681309091407	OK	 
REQUEST		request_15	1681309091232	1681309091440	OK	 
REQUEST		request_16	1681309091292	1681309091504	OK	 
REQUEST		request_17	1681309091377	1681309091559	OK	 
REQUEST		request_18	1681309091392	1681309091625	OK	 
REQUEST		app.js?1672659722816	1681309088697	1681309091661	OK	 
REQUEST		chunk-vendors.css?1672659722816	1681309088796	1681309091698	OK	 
REQUEST		request_15	1681309091440	1681309091718	OK	 
REQUEST		request_16	1681309091505	1681309091834	OK	 
REQUEST		request_17	1681309091559	1681309091913	OK	 
REQUEST		request_18	1681309091625	1681309092042	OK	 
REQUEST		app.js?1672659722816	1681309088798	1681309092264	OK	 
REQUEST		chunk-vendors.js?1672659722816	1681309088797	1681309093152	OK	 
REQUEST		chunk-vendors.js?1672659722816	1681309088696	1681309094003	OK	 
USER	Users	END	1681309094154
REQUEST		request_19	1681309094073	1681309094235	KO	status.find.in(200,201,202,203,204,205,206,207,208,209,304), found 401
USER	Admins	END	1681309094238
REQUEST		request_19	1681309096168	1681309096341	KO	status.find.in(200,201,202,203,204,205,206,207,208,209,304), found 401
USER	Admins	END	1681309096343
USER	Users	END	1681309097021
