RUN	com.gatling.tests.API.APICRUD	apicrud	1681377751669	crud	3.6.1
USER	Update User Put	START	1681377753139
USER	Create User	START	1681377753128
USER	Update User Patch	START	1681377753132
USER	Delete User	START	1681377753136
REQUEST		Delete User Request	1681377753178	1681377753413	OK	 
USER	Update User Put	START	1681377753447
USER	Delete User	END	1681377753491
USER	Update User Patch	START	1681377753604
REQUEST		Create User Request	1681377753179	1681377753407	OK	 
REQUEST		Update User Request	1681377753179	1681377753405	OK	 
REQUEST		Update User Request	1681377753180	1681377753407	OK	 
USER	Delete User	START	1681377753642
USER	Create User	START	1681377753636
REQUEST		Update User Request	1681377753450	1681377753713	OK	 
USER	Update User Put	START	1681377753774
REQUEST		Update User Request	1681377753606	1681377753812	OK	 
REQUEST		Delete User Request	1681377753642	1681377753829	OK	 
USER	Delete User	END	1681377753831
REQUEST		Create User Request	1681377753637	1681377753852	OK	 
REQUEST		Update User Request	1681377753776	1681377753954	OK	 
USER	Update User Put	START	1681377754117
USER	Delete User	START	1681377754117
USER	Create User	START	1681377754121
USER	Update User Patch	START	1681377754121
REQUEST		Delete User Request	1681377754118	1681377754287	OK	 
USER	Delete User	END	1681377754288
REQUEST		Create User Request	1681377754122	1681377754298	OK	 
REQUEST		Update User Request	1681377754117	1681377754303	OK	 
REQUEST		Update User Request	1681377754122	1681377754310	OK	 
USER	Delete User	START	1681377754616
USER	Update User Patch	START	1681377754617
USER	Update User Put	START	1681377754616
USER	Update User Put	END	1681377754647
USER	Update User Put	END	1681377754726
REQUEST		Delete User Request	1681377754617	1681377754779	OK	 
USER	Delete User	END	1681377754780
REQUEST		Update User Request	1681377754619	1681377754784	OK	 
REQUEST		Update User Request	1681377754619	1681377754787	OK	 
USER	Update User Put	END	1681377754959
USER	Update User Patch	START	1681377755115
USER	Delete User	START	1681377755116
USER	Update User Put	START	1681377755119
USER	Create User	START	1681377755119
REQUEST		Update User Request	1681377755116	1681377755285	OK	 
REQUEST		Update User Request	1681377755121	1681377755287	OK	 
REQUEST		Delete User Request	1681377755116	1681377755296	OK	 
USER	Delete User	END	1681377755297
USER	Update User Put	END	1681377755321
REQUEST		Create User Request	1681377755120	1681377755566	OK	 
USER	Update User Put	START	1681377755614
USER	Create User	START	1681377755621
USER	Update User Patch	START	1681377755621
USER	Create User	END	1681377755646
USER	Update User Patch	END	1681377755650
USER	Update User Put	END	1681377755787
REQUEST		Create User Request	1681377755622	1681377755802	OK	 
REQUEST		Update User Request	1681377755621	1681377755801	OK	 
REQUEST		Update User Request	1681377755617	1681377755806	OK	 
USER	Update User Patch	END	1681377755821
USER	Create User	END	1681377755871
USER	Create User	START	1681377756113
USER	Delete User	START	1681377756113
USER	Update User Put	START	1681377756113
USER	Update User Patch	START	1681377756121
REQUEST		Delete User Request	1681377756116	1681377756283	OK	 
REQUEST		Create User Request	1681377756116	1681377756284	OK	 
USER	Delete User	END	1681377756286
REQUEST		Update User Request	1681377756123	1681377756293	OK	 
REQUEST		Update User Request	1681377756121	1681377756293	OK	 
USER	Update User Put	END	1681377756295
USER	Create User	END	1681377756313
USER	Update User Patch	END	1681377756322
USER	Update User Put	START	1681377756608
USER	Update User Patch	START	1681377756608
USER	Delete User	START	1681377756609
REQUEST		Delete User Request	1681377756610	1681377756771	OK	 
USER	Delete User	END	1681377756772
REQUEST		Update User Request	1681377756608	1681377756773	OK	 
REQUEST		Update User Request	1681377756609	1681377756777	OK	 
USER	Update User Patch	END	1681377756794
USER	Update User Put	END	1681377756836
USER	Update User Patch	START	1681377757110
USER	Create User	START	1681377757110
USER	Delete User	START	1681377757112
REQUEST		Update User Request	1681377757110	1681377757268	OK	 
REQUEST		Create User Request	1681377757110	1681377757271	OK	 
REQUEST		Delete User Request	1681377757112	1681377757279	OK	 
USER	Delete User	END	1681377757281
USER	Update User Patch	END	1681377757296
USER	Update User Put	END	1681377757296
USER	Create User	END	1681377757576
USER	Update User Patch	START	1681377757606
USER	Create User	START	1681377757606
REQUEST		Create User Request	1681377757607	1681377757768	OK	 
REQUEST		Update User Request	1681377757607	1681377757773	OK	 
USER	Update User Put	END	1681377757779
USER	Update User Patch	END	1681377757809
USER	Create User	END	1681377757810
USER	Delete User	START	1681377758105
USER	Update User Patch	START	1681377758105
USER	Create User	START	1681377758109
REQUEST		Delete User Request	1681377758106	1681377758262	OK	 
USER	Delete User	END	1681377758264
REQUEST		Update User Request	1681377758107	1681377758272	OK	 
USER	Create User	END	1681377758293
USER	Update User Patch	END	1681377758308
USER	Delete User	START	1681377758605
REQUEST		Delete User Request	1681377758606	1681377758763	OK	 
USER	Delete User	END	1681377758765
USER	Update User Patch	END	1681377758794
USER	Create User	START	1681377759105
USER	Delete User	START	1681377759105
REQUEST		Delete User Request	1681377759105	1681377759267	OK	 
REQUEST		Create User Request	1681377759105	1681377759267	OK	 
USER	Delete User	END	1681377759268
REQUEST		Create User Request	1681377758110	1681377759273	OK	 
USER	Create User	END	1681377759277
USER	Update User Patch	END	1681377759277
USER	Create User	START	1681377759607
REQUEST		Create User Request	1681377759608	1681377759771	OK	 
USER	Create User	END	1681377759772
USER	Update User Patch	END	1681377759783
USER	Create User	START	1681377760111
USER	Delete User	START	1681377760112
REQUEST		Delete User Request	1681377760113	1681377760274	OK	 
USER	Delete User	END	1681377760275
REQUEST		Create User Request	1681377760111	1681377760280	OK	 
USER	Update User Patch	END	1681377760284
USER	Delete User	START	1681377760608
REQUEST		Delete User Request	1681377760608	1681377760771	OK	 
USER	Delete User	END	1681377760772
USER	Delete User	START	1681377761108
USER	Create User	START	1681377761108
REQUEST		Create User Request	1681377761108	1681377761265	OK	 
REQUEST		Delete User Request	1681377761108	1681377761267	OK	 
USER	Delete User	END	1681377761268
USER	Create User	END	1681377761269
USER	Create User	END	1681377761279
USER	Create User	START	1681377761607
USER	Create User	END	1681377761778
REQUEST		Create User Request	1681377761608	1681377761784	OK	 
USER	Delete User	START	1681377762108
USER	Create User	START	1681377762108
REQUEST		Delete User Request	1681377762109	1681377762267	OK	 
USER	Delete User	END	1681377762268
REQUEST		Create User Request	1681377762109	1681377762272	OK	 
USER	Create User	END	1681377762296
USER	Delete User	START	1681377762605
REQUEST		Delete User Request	1681377762605	1681377762764	OK	 
USER	Delete User	END	1681377762766
USER	Delete User	START	1681377763109
REQUEST		Delete User Request	1681377763109	1681377763273	OK	 
USER	Delete User	END	1681377763274
USER	Create User	END	1681377763283
USER	Create User	END	1681377763794
USER	Delete User	START	1681377764108
REQUEST		Delete User Request	1681377764109	1681377764265	OK	 
USER	Delete User	END	1681377764267
USER	Create User	END	1681377764283
USER	Delete User	START	1681377764611
REQUEST		Delete User Request	1681377764611	1681377764806	OK	 
USER	Delete User	END	1681377764807
USER	Delete User	START	1681377765110
REQUEST		Delete User Request	1681377765110	1681377765269	OK	 
USER	Delete User	END	1681377765270
