RUN	com.gatling.tests.Orange	orange	1681207017284	Test run 1	3.6.1
USER	Orange	START	1681207018821
REQUEST		request_0	1681207018890	1681207019242	OK	 
REQUEST		request_0 Redirect 1	1681207019307	1681207019501	OK	 
REQUEST		favicon.ico?1672659722816	1681207019721	1681207019819	OK	 
REQUEST		request_2	1681207019826	1681207019871	OK	 
REQUEST		request_3	1681207019873	1681207019969	OK	 
REQUEST		request_4	1681207019972	1681207020195	OK	 
REQUEST		request_1	1681207019752	1681207020273	OK	 
REQUEST		request_4	1681207020199	1681207020410	OK	 
REQUEST		chunk-vendors.css?1672659722816	1681207019735	1681207020456	OK	 
REQUEST		request_5	1681207020278	1681207020583	KO	status.find.in(200,201,202,203,204,205,206,207,208,209,304), found 401
REQUEST		request_6	1681207020412	1681207020621	KO	status.find.in(200,201,202,203,204,205,206,207,208,209,304), found 401
REQUEST		app.css?1672659722816	1681207019738	1681207020642	OK	 
REQUEST		request_7	1681207020576	1681207020745	KO	status.find.in(200,201,202,203,204,205,206,207,208,209,304), found 401
REQUEST		request_8	1681207020608	1681207020818	KO	status.find.in(200,201,202,203,204,205,206,207,208,209,304), found 401
REQUEST		request_9	1681207020624	1681207020857	KO	status.find.in(200,201,202,203,204,205,206,207,208,209,304), found 401
REQUEST		request_10	1681207020704	1681207020906	KO	status.find.in(200,201,202,203,204,205,206,207,208,209,304), found 401
REQUEST		request_11	1681207020748	1681207020943	KO	status.find.in(200,201,202,203,204,205,206,207,208,209,304), found 401
REQUEST		request_12	1681207020821	1681207020996	KO	status.find.in(200,201,202,203,204,205,206,207,208,209,304), found 401
REQUEST		request_13	1681207020859	1681207021085	KO	status.find.in(200,201,202,203,204,205,206,207,208,209,304), found 401
REQUEST		chunk-vendors.js?1672659722816	1681207019741	1681207021729	OK	 
REQUEST		app.js?1672659722816	1681207019744	1681207022250	OK	 
USER	Orange	END	1681207022254
