RUN	com.gatling.tests.API.APICRUD	apicrud	1681391470466	1	3.6.1
USER	Update User Put	START	1681391472014
USER	Update User Patch	START	1681391471983
USER	Delete User	START	1681391471972
USER	Create User	START	1681391471962
USER	Update User Put	START	1681391472272
REQUEST		Delete User Request	1681391472032	1681391472261	OK	 
USER	Delete User	END	1681391472292
REQUEST		Update User Request Put	1681391472032	1681391472255	OK	 
REQUEST		Create User Request	1681391472032	1681391472266	OK	 
REQUEST		Update User Request Patch	1681391472032	1681391472257	KO	status.find.is(201), but actually found 200
USER	Update User Patch	START	1681391472430
USER	Delete User	START	1681391472438
USER	Create User	START	1681391472441
USER	Update User Put	START	1681391472596
REQUEST		Update User Request Patch	1681391472431	1681391472629	KO	status.find.is(201), but actually found 200
REQUEST		Delete User Request	1681391472439	1681391472631	OK	 
USER	Delete User	END	1681391472634
REQUEST		Create User Request	1681391472442	1681391472641	OK	 
REQUEST		Update User Request Put	1681391472273	1681391472711	OK	 
REQUEST		Update User Request Put	1681391472597	1681391472761	OK	 
USER	Update User Put	START	1681391472930
USER	Delete User	START	1681391472940
USER	Create User	START	1681391472940
USER	Update User Patch	START	1681391472941
REQUEST		Update User Request Put	1681391472931	1681391473105	OK	 
REQUEST		Create User Request	1681391472941	1681391473105	OK	 
REQUEST		Delete User Request	1681391472941	1681391473109	OK	 
USER	Delete User	END	1681391473111
REQUEST		Update User Request Patch	1681391472943	1681391473119	KO	status.find.is(201), but actually found 200
USER	Update User Put	END	1681391473363
USER	Update User Patch	START	1681391473443
USER	Delete User	START	1681391473443
USER	Update User Put	START	1681391473445
REQUEST		Update User Request Patch	1681391473444	1681391473604	KO	status.find.is(201), but actually found 200
REQUEST		Delete User Request	1681391473443	1681391473610	OK	 
USER	Delete User	END	1681391473611
REQUEST		Update User Request Put	1681391473445	1681391473615	OK	 
USER	Update User Put	END	1681391473726
USER	Update User Put	END	1681391473771
USER	Update User Put	START	1681391473945
USER	Update User Patch	START	1681391473947
USER	Delete User	START	1681391473948
USER	Create User	START	1681391473950
REQUEST		Update User Request Put	1681391473946	1681391474105	OK	 
REQUEST		Create User Request	1681391473951	1681391474114	OK	 
REQUEST		Update User Request Patch	1681391473948	1681391474114	KO	status.find.is(201), but actually found 200
USER	Update User Put	END	1681391474116
REQUEST		Delete User Request	1681391473949	1681391474124	OK	 
USER	Delete User	END	1681391474125
USER	Create User	END	1681391474349
USER	Update User Patch	END	1681391474366
USER	Update User Patch	START	1681391474430
USER	Update User Put	START	1681391474430
USER	Create User	START	1681391474430
REQUEST		Update User Request Put	1681391474431	1681391474594	OK	 
REQUEST		Update User Request Patch	1681391474431	1681391474602	KO	status.find.is(201), but actually found 200
REQUEST		Create User Request	1681391474431	1681391474607	OK	 
USER	Update User Put	END	1681391474632
USER	Update User Patch	END	1681391474648
USER	Create User	END	1681391474648
USER	Delete User	START	1681391474928
USER	Update User Patch	START	1681391474928
USER	Update User Put	START	1681391474928
USER	Create User	START	1681391474930
USER	Create User	END	1681391475117
USER	Update User Put	END	1681391475117
USER	Update User Patch	END	1681391475134
REQUEST		Delete User Request	1681391474929	1681391475144	OK	 
REQUEST		Update User Request Put	1681391474929	1681391475146	OK	 
REQUEST		Update User Request Patch	1681391474929	1681391475149	KO	status.find.is(201), but actually found 200
REQUEST		Create User Request	1681391474931	1681391475153	OK	 
USER	Delete User	END	1681391475150
USER	Update User Put	START	1681391475431
USER	Delete User	START	1681391475436
USER	Update User Patch	START	1681391475431
REQUEST		Update User Request Put	1681391475432	1681391475598	OK	 
REQUEST		Delete User Request	1681391475437	1681391475601	OK	 
USER	Update User Put	END	1681391475603
USER	Delete User	END	1681391475603
REQUEST		Update User Request Patch	1681391475440	1681391475608	KO	status.find.is(201), but actually found 200
USER	Update User Patch	END	1681391475610
USER	Create User	START	1681391475931
USER	Delete User	START	1681391475931
USER	Update User Patch	START	1681391475931
REQUEST		Create User Request	1681391475931	1681391476092	OK	 
REQUEST		Delete User Request	1681391475931	1681391476093	OK	 
REQUEST		Update User Request Patch	1681391475932	1681391476093	KO	status.find.is(201), but actually found 200
USER	Delete User	END	1681391476094
USER	Create User	END	1681391476121
USER	Update User Patch	END	1681391476121
USER	Update User Put	END	1681391476152
USER	Create User	START	1681391476436
USER	Update User Patch	START	1681391476436
REQUEST		Create User Request	1681391476437	1681391476600	OK	 
REQUEST		Update User Request Patch	1681391476437	1681391476604	KO	status.find.is(201), but actually found 200
USER	Update User Patch	END	1681391476610
USER	Update User Put	END	1681391476610
USER	Create User	END	1681391476611
USER	Delete User	START	1681391476936
USER	Update User Patch	START	1681391476936
USER	Create User	START	1681391476936
REQUEST		Delete User Request	1681391476937	1681391477095	OK	 
USER	Delete User	END	1681391477096
REQUEST		Create User Request	1681391476937	1681391477096	OK	 
REQUEST		Update User Request Patch	1681391476937	1681391477096	KO	status.find.is(201), but actually found 200
USER	Update User Patch	END	1681391477154
USER	Create User	END	1681391477170
USER	Delete User	START	1681391477433
REQUEST		Delete User Request	1681391477433	1681391477595	OK	 
USER	Delete User	END	1681391477596
USER	Update User Patch	END	1681391477621
USER	Delete User	START	1681391477951
USER	Create User	START	1681391477951
USER	Update User Patch	END	1681391478108
USER	Create User	END	1681391478109
REQUEST		Delete User Request	1681391477951	1681391478112	OK	 
USER	Delete User	END	1681391478114
REQUEST		Create User Request	1681391477951	1681391478119	OK	 
USER	Create User	START	1681391478434
REQUEST		Create User Request	1681391478435	1681391478592	OK	 
USER	Create User	END	1681391478607
USER	Update User Patch	END	1681391478607
USER	Delete User	START	1681391478939
USER	Create User	START	1681391478939
REQUEST		Delete User Request	1681391478939	1681391479105	OK	 
USER	Delete User	END	1681391479106
USER	Create User	END	1681391479111
USER	Update User Patch	END	1681391479111
REQUEST		Create User Request	1681391478939	1681391479217	OK	 
USER	Delete User	START	1681391479427
REQUEST		Delete User Request	1681391479427	1681391479592	OK	 
USER	Delete User	END	1681391479593
USER	Delete User	START	1681391479951
USER	Create User	START	1681391479950
REQUEST		Delete User Request	1681391479951	1681391480106	OK	 
USER	Delete User	END	1681391480107
REQUEST		Create User Request	1681391479951	1681391480108	OK	 
USER	Create User	END	1681391480123
USER	Create User	START	1681391480436
REQUEST		Create User Request	1681391480436	1681391480602	OK	 
USER	Create User	END	1681391480609
USER	Delete User	START	1681391480940
USER	Create User	START	1681391480940
REQUEST		Delete User Request	1681391480940	1681391481107	OK	 
USER	Delete User	END	1681391481108
REQUEST		Create User Request	1681391480940	1681391481114	OK	 
USER	Create User	END	1681391481221
USER	Delete User	START	1681391481440
REQUEST		Delete User Request	1681391481440	1681391481605	OK	 
USER	Delete User	END	1681391481606
USER	Delete User	START	1681391481941
REQUEST		Delete User Request	1681391481941	1681391482103	OK	 
USER	Delete User	END	1681391482104
USER	Create User	END	1681391482117
USER	Create User	END	1681391482618
USER	Delete User	START	1681391482933
REQUEST		Delete User Request	1681391482933	1681391483095	OK	 
USER	Delete User	END	1681391483096
USER	Create User	END	1681391483121
USER	Delete User	START	1681391483432
REQUEST		Delete User Request	1681391483432	1681391483590	OK	 
USER	Delete User	END	1681391483591
USER	Delete User	START	1681391483936
REQUEST		Delete User Request	1681391483936	1681391484095	OK	 
USER	Delete User	END	1681391484096
