RUN	com.gatling.tests.API.APICRUD	apicrud	1681376883650	1	3.6.1
USER	Update User	START	1681376885029
USER	Create User	START	1681376885020
REQUEST		Update User Request	1681376885075	1681376885288	OK	 
REQUEST		Create User Request	1681376885075	1681376885293	OK	 
USER	Update User	START	1681376885500
USER	Create User	START	1681376885516
REQUEST		Update User Request	1681376885501	1681376885683	OK	 
REQUEST		Create User Request	1681376885517	1681376885689	OK	 
USER	Update User	START	1681376885998
USER	Create User	START	1681376886011
REQUEST		Update User Request	1681376885999	1681376886162	OK	 
USER	Update User	END	1681376886392
REQUEST		Create User Request	1681376886011	1681376886414	OK	 
USER	Update User	START	1681376886500
USER	Create User	START	1681376886516
REQUEST		Update User Request	1681376886500	1681376886668	OK	 
REQUEST		Create User Request	1681376886517	1681376886689	OK	 
USER	Update User	END	1681376886693
USER	Update User	START	1681376887005
USER	Create User	START	1681376887021
REQUEST		Update User Request	1681376887007	1681376887175	OK	 
USER	Update User	END	1681376887177
REQUEST		Create User Request	1681376887022	1681376887185	OK	 
USER	Create User	END	1681376887396
USER	Update User	START	1681376887507
REQUEST		Update User Request	1681376887507	1681376887674	OK	 
USER	Update User	END	1681376887682
USER	Create User	END	1681376887698
USER	Update User	START	1681376888009
USER	Create User	START	1681376888009
REQUEST		Update User Request	1681376888009	1681376888168	OK	 
REQUEST		Create User Request	1681376888009	1681376888173	OK	 
USER	Update User	END	1681376888179
USER	Create User	END	1681376888426
USER	Create User	START	1681376888504
USER	Update User	START	1681376888504
REQUEST		Create User Request	1681376888505	1681376888663	OK	 
REQUEST		Update User Request	1681376888505	1681376888671	OK	 
USER	Update User	END	1681376888679
USER	Create User	END	1681376888695
USER	Create User	START	1681376889008
REQUEST		Create User Request	1681376889008	1681376889170	OK	 
USER	Update User	END	1681376889183
USER	Create User	END	1681376889198
USER	Create User	START	1681376889497
REQUEST		Create User Request	1681376889498	1681376889673	OK	 
USER	Update User	END	1681376889686
USER	Create User	START	1681376890003
REQUEST		Create User Request	1681376890004	1681376890161	OK	 
USER	Create User	END	1681376890177
USER	Create User	END	1681376890678
USER	Create User	START	1681376891005
REQUEST		Create User Request	1681376891005	1681376891168	OK	 
USER	Create User	END	1681376891177
USER	Create User	START	1681376891508
REQUEST		Create User Request	1681376891508	1681376891677	OK	 
USER	Create User	END	1681376891684
USER	Create User	START	1681376892016
USER	Create User	END	1681376892173
REQUEST		Create User Request	1681376892016	1681376892180	OK	 
USER	Create User	START	1681376892503
REQUEST		Create User Request	1681376892503	1681376892689	OK	 
USER	Create User	START	1681376893007
REQUEST		Create User Request	1681376893008	1681376893174	OK	 
USER	Create User	END	1681376893184
USER	Create User	END	1681376893685
USER	Create User	END	1681376894189
USER	Create User	END	1681376894696
USER	Create User	END	1681376895187
