RUN	com.gatling.tests.LoginandAbout	loginandabout	1681308439967	Login and about orange	3.6.1
USER	LoginandAbout	START	1681308441737
REQUEST		request_0	1681308441804	1681308442171	OK	 
REQUEST		request_0 Redirect 1	1681308442247	1681308442435	OK	 
REQUEST		favicon.ico?1672659722816	1681308442657	1681308442731	OK	 
REQUEST		request_2	1681308442741	1681308442824	OK	 
REQUEST		request_3	1681308442829	1681308442885	OK	 
REQUEST		request_4	1681308442889	1681308443081	OK	 
REQUEST		request_1	1681308442672	1681308443182	OK	 
REQUEST		request_4	1681308443083	1681308443362	OK	 
REQUEST		request_5	1681308443188	1681308443409	KO	status.find.in(200,201,202,203,204,205,206,207,208,209,304), found 401
REQUEST		request_6	1681308443363	1681308443536	KO	status.find.in(200,201,202,203,204,205,206,207,208,209,304), found 401
REQUEST		request_7	1681308443435	1681308443604	KO	status.find.in(200,201,202,203,204,205,206,207,208,209,304), found 401
REQUEST		request_8	1681308443538	1681308443715	KO	status.find.in(200,201,202,203,204,205,206,207,208,209,304), found 401
REQUEST		request_9	1681308443606	1681308443834	KO	status.find.in(200,201,202,203,204,205,206,207,208,209,304), found 401
REQUEST		request_10	1681308443718	1681308443896	KO	status.find.in(200,201,202,203,204,205,206,207,208,209,304), found 401
REQUEST		request_11	1681308443836	1681308444022	OK	 
REQUEST		chunk-vendors.css?1672659722816	1681308442662	1681308444055	OK	 
REQUEST		request_12	1681308443897	1681308444151	OK	 
REQUEST		request_11	1681308444023	1681308444231	OK	 
REQUEST		app.css?1672659722816	1681308442665	1681308444257	OK	 
REQUEST		request_13	1681308444144	1681308444314	OK	 
REQUEST		request_12	1681308444152	1681308444390	OK	 
REQUEST		request_14	1681308444236	1681308444439	KO	status.find.in(200,201,202,203,204,205,206,207,208,209,304), found 401
REQUEST		request_13	1681308444315	1681308444520	OK	 
REQUEST		request_16	1681308444391	1681308444576	OK	 
REQUEST		request_15	1681308444299	1681308444615	OK	 
REQUEST		request_17	1681308444444	1681308444667	OK	 
REQUEST		request_18	1681308444521	1681308444715	OK	 
REQUEST		request_16	1681308444577	1681308444798	OK	 
REQUEST		request_15	1681308444616	1681308444881	OK	 
REQUEST		request_17	1681308444669	1681308444949	OK	 
REQUEST		request_18	1681308444716	1681308445028	OK	 
REQUEST		app.js?1672659722816	1681308442670	1681308446327	OK	 
REQUEST		chunk-vendors.js?1672659722816	1681308442666	1681308447279	OK	 
REQUEST		request_19	1681308450289	1681308450448	KO	status.find.in(200,201,202,203,204,205,206,207,208,209,304), found 401
USER	LoginandAbout	END	1681308450454
